<?xml version="1.0" encoding="UTF-8"?>
<!-- Generated by org.testng.reporters.JUnitReportReporter -->
<testsuite hostname="Mangalas-Air.frontierlocal.net" failures="0" tests="1" name="com.amazondemo.UITest_SelectItem" time="3.764" errors="0" timestamp="18 Sep 2018 18:00:15 GMT" skipped="0">
  <testcase classname="com.amazondemo.UITest_SelectItem" name="f" time="3.764"/>
</testsuite> <!-- com.amazondemo.UITest_SelectItem -->
