<?xml version="1.0" encoding="UTF-8"?>
<!-- Generated by org.testng.reporters.JUnitReportReporter -->
<testsuite hostname="Mangalas-Air.frontierlocal.net" failures="0" tests="4" name="com.amazondemo.AmazonSearch" time="15.987" errors="0" timestamp="19 Sep 2018 21:07:24 GMT" skipped="0">
  <testcase classname="com.amazondemo.AmazonSearch" name="verifySearch" time="5.032"/>
  <testcase classname="com.amazondemo.AmazonSearch" name="SelectItem" time="6.598"/>
  <testcase classname="com.amazondemo.AmazonSearch" name="addtocart" time="0.946"/>
  <testcase classname="com.amazondemo.AmazonSearch" name="removeItem" time="3.411"/>
</testsuite> <!-- com.amazondemo.AmazonSearch -->
