<?xml version="1.0" encoding="UTF-8"?>
<!-- Generated by org.testng.reporters.JUnitReportReporter -->
<testsuite hostname="Mangalas-Air.frontierlocal.net" failures="0" tests="1" name="com.amazondemo.AmazonSelectItem" time="10.156" errors="0" timestamp="19 Sep 2018 20:45:28 GMT" skipped="0">
  <testcase classname="com.amazondemo.AmazonSelectItem" name="SelectItem" time="10.156"/>
</testsuite> <!-- com.amazondemo.AmazonSelectItem -->
