<?xml version="1.0" encoding="UTF-8"?>
<!-- Generated by org.testng.reporters.JUnitReportReporter -->
<testsuite hostname="Mangalas-Air.frontierlocal.net" failures="0" tests="4" name="com.amazondemo.UITestScenario" time="34.746" errors="0" timestamp="19 Sep 2018 15:29:54 GMT" skipped="0">
  <testcase classname="com.amazondemo.UITestScenario" name="SearchItem" time="7.791"/>
  <testcase classname="com.amazondemo.UITestScenario" name="selectItem" time="21.160"/>
  <testcase classname="com.amazondemo.UITestScenario" name="addtocart" time="0.482"/>
  <testcase classname="com.amazondemo.UITestScenario" name="removeItem" time="5.313"/>
</testsuite> <!-- com.amazondemo.UITestScenario -->
