<?xml version="1.0" encoding="UTF-8"?>
<!-- Generated by org.testng.reporters.JUnitReportReporter -->
<testsuite hostname="Mangalas-Air.frontierlocal.net" failures="0" tests="4" name="com.amazondemo.AmazonTestCases" time="17.323" errors="0" timestamp="19 Sep 2018 21:33:43 GMT" skipped="0">
  <testcase classname="com.amazondemo.AmazonTestCases" name="verifySearch" time="5.906"/>
  <testcase classname="com.amazondemo.AmazonTestCases" name="SelectItem" time="7.808"/>
  <testcase classname="com.amazondemo.AmazonTestCases" name="addtocart" time="1.148"/>
  <testcase classname="com.amazondemo.AmazonTestCases" name="removeItem" time="2.461"/>
</testsuite> <!-- com.amazondemo.AmazonTestCases -->
