<?xml version="1.0" encoding="UTF-8"?>
<!-- Generated by org.testng.reporters.JUnitReportReporter -->
<testsuite hostname="Mangalas-Air.frontierlocal.net" failures="0" tests="4" name="com.amazondemo.AmazonTestCases" time="17.398" errors="0" timestamp="20 Sep 2018 15:25:53 GMT" skipped="0">
  <testcase classname="com.amazondemo.AmazonTestCases" name="verifySearch" time="5.256"/>
  <testcase classname="com.amazondemo.AmazonTestCases" name="SelectItem" time="7.984"/>
  <testcase classname="com.amazondemo.AmazonTestCases" name="addtocart" time="0.921"/>
  <testcase classname="com.amazondemo.AmazonTestCases" name="removeItem" time="3.237"/>
</testsuite> <!-- com.amazondemo.AmazonTestCases -->
