<?xml version="1.0" encoding="UTF-8"?>
<!-- Generated by org.testng.reporters.JUnitReportReporter -->
<testsuite hostname="Mangalas-Air.frontierlocal.net" failures="0" tests="4" name="com.amazondemo.AmazonTestCases" time="14.428" errors="0" timestamp="19 Sep 2018 21:14:56 GMT" skipped="0">
  <testcase classname="com.amazondemo.AmazonTestCases" name="verifySearch" time="4.845"/>
  <testcase classname="com.amazondemo.AmazonTestCases" name="SelectItem" time="6.113"/>
  <testcase classname="com.amazondemo.AmazonTestCases" name="addtocart" time="0.984"/>
  <testcase classname="com.amazondemo.AmazonTestCases" name="removeItem" time="2.486"/>
</testsuite> <!-- com.amazondemo.AmazonTestCases -->
